==30961== Memcheck, a memory error detector
==30961== Copyright (C) 2002-2012, and GNU GPL'd, by Julian Seward et al.
==30961== Using Valgrind-3.8.1 and LibVEX; rerun with -h for copyright info
==30961== Command: ./a.out
==30961== Parent PID: 6178
==30961== 
--30961-- 
--30961-- Valgrind options:
--30961--    --tool=memcheck
--30961--    --leak-check=full
--30961--    --verbose
--30961--    --log-file=memcheck.log
--30961-- Contents of /proc/version:
--30961--   Linux version 2.6.32-431.29.2.el6.x86_64 (mockbuild@x86-026.build.eng.bos.redhat.com) (gcc version 4.4.7 20120313 (Red Hat 4.4.7-4) (GCC) ) #1 SMP Sun Jul 27 15:55:46 EDT 2014
--30961-- Arch and hwcaps: AMD64, amd64-sse3
--30961-- Page sizes: currently 4096, max supported 4096
--30961-- Valgrind library directory: /usr/lib64/valgrind
--30961-- Reading syms from /home/shay/a/stephe55/ECE368/Project_1/a.out
--30961-- Reading syms from /usr/lib64/valgrind/memcheck-amd64-linux
--30961--    object doesn't have a dynamic symbol table
--30961-- Reading syms from /lib64/ld-2.12.so
--30961-- Scheduler: using generic scheduler lock implementation.
--30961-- Reading suppressions file: /usr/lib64/valgrind/default.supp
==30961== embedded gdbserver: reading from /tmp/vgdb-pipe-from-vgdb-to-30961-by-stephe55-on-ecegrid-thin6.ecn.purdue.edu
==30961== embedded gdbserver: writing to   /tmp/vgdb-pipe-to-vgdb-from-30961-by-stephe55-on-ecegrid-thin6.ecn.purdue.edu
==30961== embedded gdbserver: shared mem   /tmp/vgdb-pipe-shared-mem-vgdb-30961-by-stephe55-on-ecegrid-thin6.ecn.purdue.edu
==30961== 
==30961== TO CONTROL THIS PROCESS USING vgdb (which you probably
==30961== don't want to do, unless you know exactly what you're doing,
==30961== or are doing some strange experiment):
==30961==   /usr/lib64/valgrind/../../bin/vgdb --pid=30961 ...command...
==30961== 
==30961== TO DEBUG THIS PROCESS USING GDB: start GDB like this
==30961==   /path/to/gdb ./a.out
==30961== and then give GDB the following command
==30961==   target remote | /usr/lib64/valgrind/../../bin/vgdb --pid=30961
==30961== --pid is optional if only one valgrind process is running
==30961== 
--30961-- REDIR: 0x3937017530 (strlen) redirected to 0x38049551 (vgPlain_amd64_linux_REDIR_FOR_strlen)
--30961-- Reading syms from /usr/lib64/valgrind/vgpreload_core-amd64-linux.so
--30961-- Reading syms from /usr/lib64/valgrind/vgpreload_memcheck-amd64-linux.so
--30961-- REDIR: 0x39370173a0 (index) redirected to 0x4a07bf0 (index)
--30961-- REDIR: 0x3937017420 (strcmp) redirected to 0x4a08530 (strcmp)
--30961-- Reading syms from /lib64/libm-2.12.so
--30961-- Reading syms from /lib64/libc-2.12.so
--30961-- REDIR: 0x3937484cd0 (strcasecmp) redirected to 0x480155c (_vgnU_ifunc_wrapper)
--30961-- REDIR: 0x3937486f90 (strncasecmp) redirected to 0x480155c (_vgnU_ifunc_wrapper)
--30961-- REDIR: 0x3937482c40 (__GI_strrchr) redirected to 0x4a07a70 (__GI_strrchr)
--30961-- REDIR: 0x393747a640 (malloc) redirected to 0x4a0696c (malloc)
--30961-- REDIR: 0x393747b520 (free) redirected to 0x4a06369 (free)
==30961== 
==30961== Process terminating with default action of signal 2 (SIGINT)
==30961==    at 0x400DDA: Improved_Bubble_Sort (in /home/shay/a/stephe55/ECE368/Project_1/a.out)
==30961==    by 0x400F03: main (in /home/shay/a/stephe55/ECE368/Project_1/a.out)
==30961== 
==30961== HEAP SUMMARY:
==30961==     in use at exit: 80,000 bytes in 1 blocks
==30961==   total heap usage: 2 allocs, 1 frees, 80,568 bytes allocated
==30961== 
==30961== Searching for pointers to 1 not-freed blocks
==30961== Checked 148,816 bytes
==30961== 
==30961== LEAK SUMMARY:
==30961==    definitely lost: 0 bytes in 0 blocks
==30961==    indirectly lost: 0 bytes in 0 blocks
==30961==      possibly lost: 0 bytes in 0 blocks
==30961==    still reachable: 80,000 bytes in 1 blocks
==30961==         suppressed: 0 bytes in 0 blocks
==30961== Reachable blocks (those to which a pointer was found) are not shown.
==30961== To see them, rerun with: --leak-check=full --show-reachable=yes
==30961== 
==30961== ERROR SUMMARY: 0 errors from 0 contexts (suppressed: 6 from 6)
--30961-- 
--30961-- used_suppression:      4 U1004-ARM-_dl_relocate_object
--30961-- used_suppression:      2 glibc-2.5.x-on-SUSE-10.2-(PPC)-2a
==30961== 
==30961== ERROR SUMMARY: 0 errors from 0 contexts (suppressed: 6 from 6)
